<?xml version="1.0" encoding="UTF-8"?>
<testsuite name="tournament_ranking.repositories.InMemoryRepositoryTest" tests="1" skipped="0" failures="0" errors="0" timestamp="2019-10-24T13:07:02" hostname="MacBook-Pro-de-Alexandre.local" time="0.034">
  <properties/>
  <testcase name="shouldAllowAddingEntities" classname="tournament_ranking.repositories.InMemoryRepositoryTest" time="0.034"/>
  <system-out><![CDATA[]]></system-out>
  <system-err><![CDATA[]]></system-err>
</testsuite>
