<?xml version="1.0" encoding="UTF-8"?>
<testsuite name="tournament_ranking.resources.DefaultResourceTest" tests="1" skipped="0" failures="0" errors="0" timestamp="2019-10-24T12:51:55" hostname="MacBook-Pro-de-Alexandre.local" time="0.149">
  <properties/>
  <testcase name="itWorks" classname="tournament_ranking.resources.DefaultResourceTest" time="0.149"/>
  <system-out><![CDATA[14:51:54.897 [Test worker] DEBUG org.jboss.logging - Logging Provider: org.jboss.logging.Slf4jLoggerProvider
14:51:54.901 [Test worker] INFO org.hibernate.validator.internal.util.Version - HV000001: Hibernate Validator 5.4.3.Final
14:51:54.917 [Test worker] DEBUG org.hibernate.validator.internal.engine.resolver.DefaultTraversableResolver - Cannot find javax.persistence.Persistence on classpath. Assuming non JPA 2 environment. All properties will per default be traversable.
14:51:54.921 [Test worker] DEBUG org.hibernate.validator.internal.engine.ConfigurationImpl - Setting custom ParameterNameProvider of type io.dropwizard.jersey.validation.JerseyParameterNameProvider
14:51:54.922 [Test worker] DEBUG org.hibernate.validator.internal.xml.ValidationXmlParser - Trying to load META-INF/validation.xml for XML based Validator configuration.
14:51:54.923 [Test worker] DEBUG org.hibernate.validator.internal.xml.ResourceLoaderHelper - Trying to load META-INF/validation.xml via TCCL
14:51:54.924 [Test worker] DEBUG org.hibernate.validator.internal.xml.ResourceLoaderHelper - Trying to load META-INF/validation.xml via Hibernate Validator's class loader
14:51:54.925 [Test worker] DEBUG org.hibernate.validator.internal.xml.ValidationXmlParser - No META-INF/validation.xml found. Using annotation based configuration only.
]]></system-out>
  <system-err><![CDATA[]]></system-err>
</testsuite>
